GAS LISTING /tmp/ccHncp1e.s 			page 1


   1               		.file	"osccal.c"
   2               	__SP_H__ = 0x3e
   3               	__SP_L__ = 0x3d
   4               	__SREG__ = 0x3f
   5               	__tmp_reg__ = 0
   6               	__zero_reg__ = 1
   7               		.text
   8               	.global	calibrateOscillator
   9               		.type	calibrateOscillator, @function
  10               	calibrateOscillator:
  11 0000 FF92      		push r15
  12 0002 0F93      		push r16
  13 0004 1F93      		push r17
  14 0006 CF93      		push r28
  15 0008 DF93      		push r29
  16               	/* prologue: function */
  17               	/* frame size = 0 */
  18               	/* stack size = 5 */
  19               	.L__stack_usage = 5
  20 000a C8E0      		ldi r28,lo8(8)
  21 000c D0E0      		ldi r29,0
  22 000e 10E0      		ldi r17,0
  23 0010 00E8      		ldi r16,lo8(-128)
  24               	.L3:
  25 0012 F12E      		mov r15,r17
  26 0014 F00E      		add r15,r16
  27 0016 F1BE      		out 0x31,r15
  28 0018 00D0      		rcall usbMeasureFrameLength
  29 001a 8433      		cpi r24,52
  30 001c 29E0      		ldi r18,9
  31 001e 9207      		cpc r25,r18
  32 0020 04F4      		brge .L2
  33 0022 1F2D      		mov r17,r15
  34               	.L2:
  35 0024 0695      		lsr r16
  36 0026 2197      		sbiw r28,1
  37 0028 01F4      		brne .L3
  38 002a 212F      		mov r18,r17
  39 002c 2150      		subi r18,lo8(-(-1))
  40 002e 21BF      		out 0x31,r18
  41 0030 EC01      		movw r28,r24
  42 0032 012F      		mov r16,r17
  43 0034 00C0      		rjmp .L4
  44               	.L7:
  45 0036 00D0      		rcall usbMeasureFrameLength
  46 0038 8453      		subi r24,52
  47 003a 9940      		sbci r25,9
  48 003c 97FF      		sbrs r25,7
  49 003e 00C0      		rjmp .L5
  50 0040 9195      		neg r25
  51 0042 8195      		neg r24
  52 0044 9109      		sbc r25,__zero_reg__
  53               	.L5:
  54 0046 8C17      		cp r24,r28
  55 0048 9D07      		cpc r25,r29
  56 004a 04F4      		brge .L6
  57 004c 01B7      		in r16,0x31
GAS LISTING /tmp/ccHncp1e.s 			page 2


  58 004e EC01      		movw r28,r24
  59               	.L6:
  60 0050 81B7      		in r24,0x31
  61 0052 8F5F      		subi r24,lo8(-(1))
  62 0054 81BF      		out 0x31,r24
  63               	.L4:
  64 0056 81B7      		in r24,0x31
  65 0058 90E0      		ldi r25,0
  66 005a 212F      		mov r18,r17
  67 005c 30E0      		ldi r19,0
  68 005e 2F5F      		subi r18,-1
  69 0060 3F4F      		sbci r19,-1
  70 0062 2817      		cp r18,r24
  71 0064 3907      		cpc r19,r25
  72 0066 04F4      		brge .L7
  73 0068 01BF      		out 0x31,r16
  74               	/* epilogue start */
  75 006a DF91      		pop r29
  76 006c CF91      		pop r28
  77 006e 1F91      		pop r17
  78 0070 0F91      		pop r16
  79 0072 FF90      		pop r15
  80 0074 0895      		ret
  81               		.size	calibrateOscillator, .-calibrateOscillator
  82               		.ident	"GCC: (Fedora 4.7.2-1.fc18) 4.7.2"
GAS LISTING /tmp/ccHncp1e.s 			page 3


DEFINED SYMBOLS
                            *ABS*:0000000000000000 osccal.c
     /tmp/ccHncp1e.s:2      *ABS*:000000000000003e __SP_H__
     /tmp/ccHncp1e.s:3      *ABS*:000000000000003d __SP_L__
     /tmp/ccHncp1e.s:4      *ABS*:000000000000003f __SREG__
     /tmp/ccHncp1e.s:5      *ABS*:0000000000000000 __tmp_reg__
     /tmp/ccHncp1e.s:6      *ABS*:0000000000000001 __zero_reg__
     /tmp/ccHncp1e.s:10     .text:0000000000000000 calibrateOscillator

UNDEFINED SYMBOLS
usbMeasureFrameLength
